<?xml version="1.0" encoding="UTF-8"?>
<coverage generated="1660846598761" clover="3.2.0">
  <project timestamp="1660846598762" name="All files">
    <metrics statements="36" coveredstatements="4" conditionals="5" coveredconditionals="0" methods="11" coveredmethods="0" elements="52" coveredelements="4" complexity="0" loc="36" ncloc="36" packages="1" files="3" classes="3"/>
    <file name="Task.js" path="C:\Users\GLOIRE MUFUNGIZI\Desktop\To-do-list\module\Task.js">
      <metrics statements="3" coveredstatements="0" conditionals="1" coveredconditionals="0" methods="1" coveredmethods="0"/>
      <line num="3" count="0" type="stmt"/>
      <line num="4" count="0" type="stmt"/>
      <line num="5" count="0" type="stmt"/>
    </file>
    <file name="TaskStorage.js" path="C:\Users\GLOIRE MUFUNGIZI\Desktop\To-do-list\module\TaskStorage.js">
      <metrics statements="23" coveredstatements="4" conditionals="4" coveredconditionals="0" methods="7" coveredmethods="0"/>
      <line num="7" count="1" type="cond" truecount="0" falsecount="2"/>
      <line num="9" count="1" type="stmt"/>
      <line num="10" count="0" type="stmt"/>
      <line num="11" count="0" type="stmt"/>
      <line num="12" count="0" type="stmt"/>
      <line num="13" count="0" type="stmt"/>
      <line num="14" count="0" type="stmt"/>
      <line num="15" count="0" type="stmt"/>
      <line num="18" count="1" type="stmt"/>
      <line num="19" count="0" type="stmt"/>
      <line num="20" count="0" type="stmt"/>
      <line num="21" count="0" type="stmt"/>
      <line num="22" count="0" type="stmt"/>
      <line num="23" count="0" type="stmt"/>
      <line num="24" count="0" type="stmt"/>
      <line num="26" count="0" type="stmt"/>
      <line num="29" count="1" type="stmt"/>
      <line num="30" count="0" type="stmt"/>
      <line num="31" count="0" type="stmt"/>
      <line num="32" count="0" type="stmt"/>
      <line num="33" count="0" type="cond" truecount="0" falsecount="2"/>
      <line num="34" count="0" type="stmt"/>
      <line num="37" count="0" type="stmt"/>
    </file>
    <file name="UI.js" path="C:\Users\GLOIRE MUFUNGIZI\Desktop\To-do-list\module\UI.js">
      <metrics statements="10" coveredstatements="0" conditionals="0" coveredconditionals="0" methods="3" coveredmethods="0"/>
      <line num="6" count="0" type="stmt"/>
      <line num="7" count="0" type="stmt"/>
      <line num="9" count="0" type="stmt"/>
      <line num="12" count="0" type="stmt"/>
      <line num="13" count="0" type="stmt"/>
      <line num="18" count="0" type="stmt"/>
      <line num="19" count="0" type="stmt"/>
      <line num="20" count="0" type="stmt"/>
      <line num="21" count="0" type="stmt"/>
      <line num="35" count="0" type="stmt"/>
    </file>
  </project>
</coverage>
