{"C:\\Users\\GLOIRE MUFUNGIZI\\Desktop\\To-do-list\\module\\Task.js": {"path":"C:\\Users\\GLOIRE MUFUNGIZI\\Desktop\\To-do-list\\module\\Task.js","statementMap":{"0":{"start":{"line":3,"column":4},"end":{"line":3,"column":35}},"1":{"start":{"line":4,"column":4},"end":{"line":4,"column":31}},"2":{"start":{"line":5,"column":4},"end":{"line":5,"column":23}}},"fnMap":{"0":{"name":"(anonymous_0)","decl":{"start":{"line":2,"column":2},"end":{"line":2,"column":3}},"loc":{"start":{"line":2,"column":53},"end":{"line":6,"column":3}},"line":2}},"branchMap":{"0":{"loc":{"start":{"line":2,"column":34},"end":{"line":2,"column":51}},"type":"default-arg","locations":[{"start":{"line":2,"column":46},"end":{"line":2,"column":51}}],"line":2}},"s":{"0":0,"1":0,"2":0},"f":{"0":0},"b":{"0":[0]},"_coverageSchema":"1a1c01bbd47fc00a2c39e90264f33305004495a9","hash":"00e57913c1e3c2b67a45fe5064a44530126949f0"}
,"C:\\Users\\GLOIRE MUFUNGIZI\\Desktop\\To-do-list\\module\\TaskStorage.js": {"path":"C:\\Users\\GLOIRE MUFUNGIZI\\Desktop\\To-do-list\\module\\TaskStorage.js","statementMap":{"0":{"start":{"line":7,"column":22},"end":{"line":7,"column":74}},"1":{"start":{"line":7,"column":28},"end":{"line":7,"column":74}},"2":{"start":{"line":9,"column":22},"end":{"line":16,"column":3}},"3":{"start":{"line":10,"column":18},"end":{"line":10,"column":35}},"4":{"start":{"line":11,"column":18},"end":{"line":11,"column":34}},"5":{"start":{"line":12,"column":17},"end":{"line":12,"column":43}},"6":{"start":{"line":13,"column":4},"end":{"line":13,"column":21}},"7":{"start":{"line":14,"column":4},"end":{"line":14,"column":56}},"8":{"start":{"line":15,"column":4},"end":{"line":15,"column":36}},"9":{"start":{"line":18,"column":22},"end":{"line":27,"column":3}},"10":{"start":{"line":19,"column":18},"end":{"line":19,"column":35}},"11":{"start":{"line":20,"column":21},"end":{"line":20,"column":72}},"12":{"start":{"line":20,"column":48},"end":{"line":20,"column":71}},"13":{"start":{"line":21,"column":23},"end":{"line":21,"column":25}},"14":{"start":{"line":22,"column":4},"end":{"line":25,"column":7}},"15":{"start":{"line":23,"column":6},"end":{"line":23,"column":23}},"16":{"start":{"line":24,"column":6},"end":{"line":24,"column":26}},"17":{"start":{"line":26,"column":4},"end":{"line":26,"column":61}},"18":{"start":{"line":29,"column":22},"end":{"line":38,"column":3}},"19":{"start":{"line":30,"column":18},"end":{"line":30,"column":30}},"20":{"start":{"line":31,"column":18},"end":{"line":31,"column":35}},"21":{"start":{"line":32,"column":4},"end":{"line":36,"column":7}},"22":{"start":{"line":33,"column":6},"end":{"line":35,"column":7}},"23":{"start":{"line":34,"column":8},"end":{"line":34,"column":40}},"24":{"start":{"line":37,"column":4},"end":{"line":37,"column":56}}},"fnMap":{"0":{"name":"(anonymous_0)","decl":{"start":{"line":7,"column":22},"end":{"line":7,"column":23}},"loc":{"start":{"line":7,"column":28},"end":{"line":7,"column":74}},"line":7},"1":{"name":"(anonymous_1)","decl":{"start":{"line":9,"column":22},"end":{"line":9,"column":23}},"loc":{"start":{"line":9,"column":37},"end":{"line":16,"column":3}},"line":9},"2":{"name":"(anonymous_2)","decl":{"start":{"line":18,"column":22},"end":{"line":18,"column":23}},"loc":{"start":{"line":18,"column":33},"end":{"line":27,"column":3}},"line":18},"3":{"name":"(anonymous_3)","decl":{"start":{"line":20,"column":34},"end":{"line":20,"column":35}},"loc":{"start":{"line":20,"column":48},"end":{"line":20,"column":71}},"line":20},"4":{"name":"(anonymous_4)","decl":{"start":{"line":22,"column":21},"end":{"line":22,"column":22}},"loc":{"start":{"line":22,"column":32},"end":{"line":25,"column":5}},"line":22},"5":{"name":"(anonymous_5)","decl":{"start":{"line":29,"column":22},"end":{"line":29,"column":23}},"loc":{"start":{"line":29,"column":42},"end":{"line":38,"column":3}},"line":29},"6":{"name":"(anonymous_6)","decl":{"start":{"line":32,"column":18},"end":{"line":32,"column":19}},"loc":{"start":{"line":32,"column":28},"end":{"line":36,"column":5}},"line":32}},"branchMap":{"0":{"loc":{"start":{"line":7,"column":28},"end":{"line":7,"column":74}},"type":"binary-expr","locations":[{"start":{"line":7,"column":28},"end":{"line":7,"column":68}},{"start":{"line":7,"column":72},"end":{"line":7,"column":74}}],"line":7},"1":{"loc":{"start":{"line":33,"column":6},"end":{"line":35,"column":7}},"type":"if","locations":[{"start":{"line":33,"column":6},"end":{"line":35,"column":7}},{"start":{},"end":{}}],"line":33}},"s":{"0":1,"1":0,"2":1,"3":0,"4":0,"5":0,"6":0,"7":0,"8":0,"9":1,"10":0,"11":0,"12":0,"13":0,"14":0,"15":0,"16":0,"17":0,"18":1,"19":0,"20":0,"21":0,"22":0,"23":0,"24":0},"f":{"0":0,"1":0,"2":0,"3":0,"4":0,"5":0,"6":0},"b":{"0":[0,0],"1":[0,0]},"_coverageSchema":"1a1c01bbd47fc00a2c39e90264f33305004495a9","hash":"f09491f3fa70f39438db0bb9f983d91ecbf3b5e1"}
,"C:\\Users\\GLOIRE MUFUNGIZI\\Desktop\\To-do-list\\module\\UI.js": {"path":"C:\\Users\\GLOIRE MUFUNGIZI\\Desktop\\To-do-list\\module\\UI.js","statementMap":{"0":{"start":{"line":6,"column":21},"end":{"line":6,"column":45}},"1":{"start":{"line":7,"column":17},"end":{"line":7,"column":54}},"2":{"start":{"line":9,"column":4},"end":{"line":10,"column":183}},"3":{"start":{"line":12,"column":4},"end":{"line":14,"column":7}},"4":{"start":{"line":13,"column":6},"end":{"line":13,"column":40}},"5":{"start":{"line":18,"column":17},"end":{"line":18,"column":54}},"6":{"start":{"line":19,"column":15},"end":{"line":19,"column":43}},"7":{"start":{"line":20,"column":4},"end":{"line":20,"column":26}},"8":{"start":{"line":21,"column":4},"end":{"line":33,"column":22}},"9":{"start":{"line":35,"column":4},"end":{"line":35,"column":25}}},"fnMap":{"0":{"name":"(anonymous_0)","decl":{"start":{"line":5,"column":2},"end":{"line":5,"column":3}},"loc":{"start":{"line":5,"column":27},"end":{"line":15,"column":3}},"line":5},"1":{"name":"(anonymous_1)","decl":{"start":{"line":12,"column":21},"end":{"line":12,"column":22}},"loc":{"start":{"line":12,"column":38},"end":{"line":14,"column":5}},"line":12},"2":{"name":"(anonymous_2)","decl":{"start":{"line":17,"column":2},"end":{"line":17,"column":3}},"loc":{"start":{"line":17,"column":38},"end":{"line":36,"column":3}},"line":17}},"branchMap":{},"s":{"0":0,"1":0,"2":0,"3":0,"4":0,"5":0,"6":0,"7":0,"8":0,"9":0},"f":{"0":0,"1":0,"2":0},"b":{},"_coverageSchema":"1a1c01bbd47fc00a2c39e90264f33305004495a9","hash":"a6712eb7ba67e741409fdcab7e385e6c44421175"}
}
